2022-08-12 23:07:37,464 : ERROR : main :  : WindowsDefenderExceptionHandler :  :  : PowerShell command powershell -inputformat none -outputformat text -NonInteractive -Command Get-Item -Path 'Registry::HKEY_LOCAL_MACHINE\SOFTWARE\Microsoft\Windows Defender\Exclusions\Processes' -ErrorAction Stop | Select-Object -ExpandProperty Property did not terminate successfully.
2022-08-12 23:07:37,465 : ERROR : main :  : WindowsDefenderExceptionHandler :  :  : Stderr is:
2022-08-12 23:07:37,465 : ERROR : main :  : WindowsDefenderExceptionHandler :  :  : Get-Item : Requested registry access is not allowed.
2022-08-12 23:07:37,466 : ERROR : main :  : WindowsDefenderExceptionHandler :  :  : At line:1 char:1
2022-08-12 23:07:37,466 : ERROR : main :  : WindowsDefenderExceptionHandler :  :  : + Get-Item -Path 'Registry::HKEY_LOCAL_MACHINE\SOFTWARE\Microsoft\Windo ...
2022-08-12 23:07:37,466 : ERROR : main :  : WindowsDefenderExceptionHandler :  :  : + ~~~~~~~~~~~~~~~~~~~~~~~~~~~~~~~~~~~~~~~~~~~~~~~~~~~~~~~~~~~~~~~~~~~~~
2022-08-12 23:07:37,466 : ERROR : main :  : WindowsDefenderExceptionHandler :  :  :     + CategoryInfo          : PermissionDenied: (HKEY_LOCAL_MACH...sions\Processes:String) [Get-Item], SecurityExcepti 
2022-08-12 23:07:37,466 : ERROR : main :  : WindowsDefenderExceptionHandler :  :  :    on
2022-08-12 23:07:37,466 : ERROR : main :  : WindowsDefenderExceptionHandler :  :  :     + FullyQualifiedErrorId : System.Security.SecurityException,Microsoft.PowerShell.Commands.GetItemCommand
2022-08-12 23:07:37,466 : ERROR : main :  : WindowsDefenderExceptionHandler :  :  :  
2022-08-12 23:07:50,316 : WARN  : ModalContext :  : Node : Scorer : 3:91 : No columns selected yet.
2022-08-12 23:09:55,992 : WARN  : AWT-EventQueue-0 :  : CSVFormatAutoDetectionSwingWorker : CSV Reader : 3:1 : org.knime.core.node.InvalidSettingsException: The specified file /C:/Users/abi09/OneDrive/Desktop/learning/SAE/SAE_Project/SAE_Project/M2_Updated.csv does not exist.
java.util.concurrent.ExecutionException: org.knime.core.node.InvalidSettingsException: The specified file /C:/Users/abi09/OneDrive/Desktop/learning/SAE/SAE_Project/SAE_Project/M2_Updated.csv does not exist.
	at java.base/java.util.concurrent.FutureTask.report(Unknown Source)
	at java.base/java.util.concurrent.FutureTask.get(Unknown Source)
	at java.desktop/javax.swing.SwingWorker.get(Unknown Source)
	at org.knime.base.node.io.filehandling.csv.reader.CSVFormatAutoDetectionSwingWorker.doneWithContext(CSVFormatAutoDetectionSwingWorker.java:135)
	at org.knime.core.util.SwingWorkerWithContext.done(SwingWorkerWithContext.java:163)
	at java.desktop/javax.swing.SwingWorker$5.run(Unknown Source)
	at java.desktop/javax.swing.SwingWorker$DoSubmitAccumulativeRunnable.run(Unknown Source)
	at java.desktop/sun.swing.AccumulativeRunnable.run(Unknown Source)
	at java.desktop/javax.swing.SwingWorker$DoSubmitAccumulativeRunnable.actionPerformed(Unknown Source)
	at java.desktop/javax.swing.Timer.fireActionPerformed(Unknown Source)
	at java.desktop/javax.swing.Timer$DoPostEvent.run(Unknown Source)
	at java.desktop/java.awt.event.InvocationEvent.dispatch(Unknown Source)
	at java.desktop/java.awt.EventQueue.dispatchEventImpl(Unknown Source)
	at java.desktop/java.awt.EventQueue$4.run(Unknown Source)
	at java.desktop/java.awt.EventQueue$4.run(Unknown Source)
	at java.base/java.security.AccessController.doPrivileged(Unknown Source)
	at java.base/java.security.ProtectionDomain$JavaSecurityAccessImpl.doIntersectionPrivilege(Unknown Source)
	at java.desktop/java.awt.EventQueue.dispatchEvent(Unknown Source)
	at java.desktop/java.awt.EventDispatchThread.pumpOneEventForFilters(Unknown Source)
	at java.desktop/java.awt.EventDispatchThread.pumpEventsForFilter(Unknown Source)
	at java.desktop/java.awt.EventDispatchThread.pumpEventsForHierarchy(Unknown Source)
	at java.desktop/java.awt.EventDispatchThread.pumpEvents(Unknown Source)
	at java.desktop/java.awt.EventDispatchThread.pumpEvents(Unknown Source)
	at java.desktop/java.awt.EventDispatchThread.run(Unknown Source)
Caused by: org.knime.core.node.InvalidSettingsException: The specified file /C:/Users/abi09/OneDrive/Desktop/learning/SAE/SAE_Project/SAE_Project/M2_Updated.csv does not exist.
	at org.knime.core.node.util.CheckUtils.checkSetting(CheckUtils.java:269)
	at org.knime.core.node.util.CheckUtils.checkSetting(CheckUtils.java:219)
	at org.knime.filehandling.core.defaultnodesettings.filechooser.FileChooserPathAccessor.getRootPath(FileChooserPathAccessor.java:295)
	at org.knime.filehandling.core.defaultnodesettings.filechooser.FileChooserPathAccessor.getFSPaths(FileChooserPathAccessor.java:202)
	at org.knime.filehandling.core.defaultnodesettings.filechooser.reader.ReadPathAccessor.getPaths(ReadPathAccessor.java:96)
	at org.knime.base.node.io.filehandling.csv.reader.CSVFormatAutoDetectionSwingWorker.doInBackgroundWithContext(CSVFormatAutoDetectionSwingWorker.java:100)
	at org.knime.base.node.io.filehandling.csv.reader.CSVFormatAutoDetectionSwingWorker.doInBackgroundWithContext(CSVFormatAutoDetectionSwingWorker.java:1)
	at org.knime.core.util.SwingWorkerWithContext.doInBackground(SwingWorkerWithContext.java:106)
	at java.desktop/javax.swing.SwingWorker$1.call(Unknown Source)
	at java.base/java.util.concurrent.FutureTask.run(Unknown Source)
	at java.desktop/javax.swing.SwingWorker.run(Unknown Source)
	at java.base/java.util.concurrent.ThreadPoolExecutor.runWorker(Unknown Source)
	at java.base/java.util.concurrent.ThreadPoolExecutor$Worker.run(Unknown Source)
	at java.base/java.lang.Thread.run(Unknown Source)
2022-08-12 23:09:56,534 : WARN  : AWT-EventQueue-0 :  : CSVFormatAutoDetectionSwingWorker : CSV Reader : 3:1 : org.knime.core.node.InvalidSettingsException: The specified file /C:/Users/abi09/OneDrive/Desktop/learning/SAE/SAE_Project/SAE_Project/M2_Updated.csv does not exist.
java.util.concurrent.ExecutionException: org.knime.core.node.InvalidSettingsException: The specified file /C:/Users/abi09/OneDrive/Desktop/learning/SAE/SAE_Project/SAE_Project/M2_Updated.csv does not exist.
	at java.base/java.util.concurrent.FutureTask.report(Unknown Source)
	at java.base/java.util.concurrent.FutureTask.get(Unknown Source)
	at java.desktop/javax.swing.SwingWorker.get(Unknown Source)
	at org.knime.base.node.io.filehandling.csv.reader.CSVFormatAutoDetectionSwingWorker.doneWithContext(CSVFormatAutoDetectionSwingWorker.java:135)
	at org.knime.core.util.SwingWorkerWithContext.done(SwingWorkerWithContext.java:163)
	at java.desktop/javax.swing.SwingWorker$5.run(Unknown Source)
	at java.desktop/javax.swing.SwingWorker$DoSubmitAccumulativeRunnable.run(Unknown Source)
	at java.desktop/sun.swing.AccumulativeRunnable.run(Unknown Source)
	at java.desktop/javax.swing.SwingWorker$DoSubmitAccumulativeRunnable.actionPerformed(Unknown Source)
	at java.desktop/javax.swing.Timer.fireActionPerformed(Unknown Source)
	at java.desktop/javax.swing.Timer$DoPostEvent.run(Unknown Source)
	at java.desktop/java.awt.event.InvocationEvent.dispatch(Unknown Source)
	at java.desktop/java.awt.EventQueue.dispatchEventImpl(Unknown Source)
	at java.desktop/java.awt.EventQueue$4.run(Unknown Source)
	at java.desktop/java.awt.EventQueue$4.run(Unknown Source)
	at java.base/java.security.AccessController.doPrivileged(Unknown Source)
	at java.base/java.security.ProtectionDomain$JavaSecurityAccessImpl.doIntersectionPrivilege(Unknown Source)
	at java.desktop/java.awt.EventQueue.dispatchEvent(Unknown Source)
	at java.desktop/java.awt.EventDispatchThread.pumpOneEventForFilters(Unknown Source)
	at java.desktop/java.awt.EventDispatchThread.pumpEventsForFilter(Unknown Source)
	at java.desktop/java.awt.EventDispatchThread.pumpEventsForHierarchy(Unknown Source)
	at java.desktop/java.awt.EventDispatchThread.pumpEvents(Unknown Source)
	at java.desktop/java.awt.EventDispatchThread.pumpEvents(Unknown Source)
	at java.desktop/java.awt.EventDispatchThread.run(Unknown Source)
Caused by: org.knime.core.node.InvalidSettingsException: The specified file /C:/Users/abi09/OneDrive/Desktop/learning/SAE/SAE_Project/SAE_Project/M2_Updated.csv does not exist.
	at org.knime.core.node.util.CheckUtils.checkSetting(CheckUtils.java:269)
	at org.knime.core.node.util.CheckUtils.checkSetting(CheckUtils.java:219)
	at org.knime.filehandling.core.defaultnodesettings.filechooser.FileChooserPathAccessor.getRootPath(FileChooserPathAccessor.java:295)
	at org.knime.filehandling.core.defaultnodesettings.filechooser.FileChooserPathAccessor.getFSPaths(FileChooserPathAccessor.java:202)
	at org.knime.filehandling.core.defaultnodesettings.filechooser.reader.ReadPathAccessor.getPaths(ReadPathAccessor.java:96)
	at org.knime.base.node.io.filehandling.csv.reader.CSVFormatAutoDetectionSwingWorker.doInBackgroundWithContext(CSVFormatAutoDetectionSwingWorker.java:100)
	at org.knime.base.node.io.filehandling.csv.reader.CSVFormatAutoDetectionSwingWorker.doInBackgroundWithContext(CSVFormatAutoDetectionSwingWorker.java:1)
	at org.knime.core.util.SwingWorkerWithContext.doInBackground(SwingWorkerWithContext.java:106)
	at java.desktop/javax.swing.SwingWorker$1.call(Unknown Source)
	at java.base/java.util.concurrent.FutureTask.run(Unknown Source)
	at java.desktop/javax.swing.SwingWorker.run(Unknown Source)
	at java.base/java.util.concurrent.ThreadPoolExecutor.runWorker(Unknown Source)
	at java.base/java.util.concurrent.ThreadPoolExecutor$Worker.run(Unknown Source)
	at java.base/java.lang.Thread.run(Unknown Source)
2022-08-12 23:09:56,782 : WARN  : AWT-EventQueue-0 :  : CSVFormatAutoDetectionSwingWorker : CSV Reader : 3:1 : org.knime.core.node.InvalidSettingsException: The specified file /C:/Users/abi09/OneDrive/Desktop/learning/SAE/SAE_Project/SAE_Project/M2_Updated.csv does not exist.
java.util.concurrent.ExecutionException: org.knime.core.node.InvalidSettingsException: The specified file /C:/Users/abi09/OneDrive/Desktop/learning/SAE/SAE_Project/SAE_Project/M2_Updated.csv does not exist.
	at java.base/java.util.concurrent.FutureTask.report(Unknown Source)
	at java.base/java.util.concurrent.FutureTask.get(Unknown Source)
	at java.desktop/javax.swing.SwingWorker.get(Unknown Source)
	at org.knime.base.node.io.filehandling.csv.reader.CSVFormatAutoDetectionSwingWorker.doneWithContext(CSVFormatAutoDetectionSwingWorker.java:135)
	at org.knime.core.util.SwingWorkerWithContext.done(SwingWorkerWithContext.java:163)
	at java.desktop/javax.swing.SwingWorker$5.run(Unknown Source)
	at java.desktop/javax.swing.SwingWorker$DoSubmitAccumulativeRunnable.run(Unknown Source)
	at java.desktop/sun.swing.AccumulativeRunnable.run(Unknown Source)
	at java.desktop/javax.swing.SwingWorker$DoSubmitAccumulativeRunnable.actionPerformed(Unknown Source)
	at java.desktop/javax.swing.Timer.fireActionPerformed(Unknown Source)
	at java.desktop/javax.swing.Timer$DoPostEvent.run(Unknown Source)
	at java.desktop/java.awt.event.InvocationEvent.dispatch(Unknown Source)
	at java.desktop/java.awt.EventQueue.dispatchEventImpl(Unknown Source)
	at java.desktop/java.awt.EventQueue$4.run(Unknown Source)
	at java.desktop/java.awt.EventQueue$4.run(Unknown Source)
	at java.base/java.security.AccessController.doPrivileged(Unknown Source)
	at java.base/java.security.ProtectionDomain$JavaSecurityAccessImpl.doIntersectionPrivilege(Unknown Source)
	at java.desktop/java.awt.EventQueue.dispatchEvent(Unknown Source)
	at java.desktop/java.awt.EventDispatchThread.pumpOneEventForFilters(Unknown Source)
	at java.desktop/java.awt.EventDispatchThread.pumpEventsForFilter(Unknown Source)
	at java.desktop/java.awt.EventDispatchThread.pumpEventsForHierarchy(Unknown Source)
	at java.desktop/java.awt.EventDispatchThread.pumpEvents(Unknown Source)
	at java.desktop/java.awt.EventDispatchThread.pumpEvents(Unknown Source)
	at java.desktop/java.awt.EventDispatchThread.run(Unknown Source)
Caused by: org.knime.core.node.InvalidSettingsException: The specified file /C:/Users/abi09/OneDrive/Desktop/learning/SAE/SAE_Project/SAE_Project/M2_Updated.csv does not exist.
	at org.knime.core.node.util.CheckUtils.checkSetting(CheckUtils.java:269)
	at org.knime.core.node.util.CheckUtils.checkSetting(CheckUtils.java:219)
	at org.knime.filehandling.core.defaultnodesettings.filechooser.FileChooserPathAccessor.getRootPath(FileChooserPathAccessor.java:295)
	at org.knime.filehandling.core.defaultnodesettings.filechooser.FileChooserPathAccessor.getFSPaths(FileChooserPathAccessor.java:202)
	at org.knime.filehandling.core.defaultnodesettings.filechooser.reader.ReadPathAccessor.getPaths(ReadPathAccessor.java:96)
	at org.knime.base.node.io.filehandling.csv.reader.CSVFormatAutoDetectionSwingWorker.doInBackgroundWithContext(CSVFormatAutoDetectionSwingWorker.java:100)
	at org.knime.base.node.io.filehandling.csv.reader.CSVFormatAutoDetectionSwingWorker.doInBackgroundWithContext(CSVFormatAutoDetectionSwingWorker.java:1)
	at org.knime.core.util.SwingWorkerWithContext.doInBackground(SwingWorkerWithContext.java:106)
	at java.desktop/javax.swing.SwingWorker$1.call(Unknown Source)
	at java.base/java.util.concurrent.FutureTask.run(Unknown Source)
	at java.desktop/javax.swing.SwingWorker.run(Unknown Source)
	at java.base/java.util.concurrent.ThreadPoolExecutor.runWorker(Unknown Source)
	at java.base/java.util.concurrent.ThreadPoolExecutor$Worker.run(Unknown Source)
	at java.base/java.lang.Thread.run(Unknown Source)
2022-08-12 23:09:57,104 : WARN  : AWT-EventQueue-0 :  : CSVFormatAutoDetectionSwingWorker : CSV Reader : 3:1 : org.knime.core.node.InvalidSettingsException: The specified file /C:/Users/abi09/OneDrive/Desktop/learning/SAE/SAE_Project/SAE_Project/M2_Updated.csv does not exist.
java.util.concurrent.ExecutionException: org.knime.core.node.InvalidSettingsException: The specified file /C:/Users/abi09/OneDrive/Desktop/learning/SAE/SAE_Project/SAE_Project/M2_Updated.csv does not exist.
	at java.base/java.util.concurrent.FutureTask.report(Unknown Source)
	at java.base/java.util.concurrent.FutureTask.get(Unknown Source)
	at java.desktop/javax.swing.SwingWorker.get(Unknown Source)
	at org.knime.base.node.io.filehandling.csv.reader.CSVFormatAutoDetectionSwingWorker.doneWithContext(CSVFormatAutoDetectionSwingWorker.java:135)
	at org.knime.core.util.SwingWorkerWithContext.done(SwingWorkerWithContext.java:163)
	at java.desktop/javax.swing.SwingWorker$5.run(Unknown Source)
	at java.desktop/javax.swing.SwingWorker$DoSubmitAccumulativeRunnable.run(Unknown Source)
	at java.desktop/sun.swing.AccumulativeRunnable.run(Unknown Source)
	at java.desktop/javax.swing.SwingWorker$DoSubmitAccumulativeRunnable.actionPerformed(Unknown Source)
	at java.desktop/javax.swing.Timer.fireActionPerformed(Unknown Source)
	at java.desktop/javax.swing.Timer$DoPostEvent.run(Unknown Source)
	at java.desktop/java.awt.event.InvocationEvent.dispatch(Unknown Source)
	at java.desktop/java.awt.EventQueue.dispatchEventImpl(Unknown Source)
	at java.desktop/java.awt.EventQueue$4.run(Unknown Source)
	at java.desktop/java.awt.EventQueue$4.run(Unknown Source)
	at java.base/java.security.AccessController.doPrivileged(Unknown Source)
	at java.base/java.security.ProtectionDomain$JavaSecurityAccessImpl.doIntersectionPrivilege(Unknown Source)
	at java.desktop/java.awt.EventQueue.dispatchEvent(Unknown Source)
	at java.desktop/java.awt.EventDispatchThread.pumpOneEventForFilters(Unknown Source)
	at java.desktop/java.awt.EventDispatchThread.pumpEventsForFilter(Unknown Source)
	at java.desktop/java.awt.EventDispatchThread.pumpEventsForHierarchy(Unknown Source)
	at java.desktop/java.awt.EventDispatchThread.pumpEvents(Unknown Source)
	at java.desktop/java.awt.EventDispatchThread.pumpEvents(Unknown Source)
	at java.desktop/java.awt.EventDispatchThread.run(Unknown Source)
Caused by: org.knime.core.node.InvalidSettingsException: The specified file /C:/Users/abi09/OneDrive/Desktop/learning/SAE/SAE_Project/SAE_Project/M2_Updated.csv does not exist.
	at org.knime.core.node.util.CheckUtils.checkSetting(CheckUtils.java:269)
	at org.knime.core.node.util.CheckUtils.checkSetting(CheckUtils.java:219)
	at org.knime.filehandling.core.defaultnodesettings.filechooser.FileChooserPathAccessor.getRootPath(FileChooserPathAccessor.java:295)
	at org.knime.filehandling.core.defaultnodesettings.filechooser.FileChooserPathAccessor.getFSPaths(FileChooserPathAccessor.java:202)
	at org.knime.filehandling.core.defaultnodesettings.filechooser.reader.ReadPathAccessor.getPaths(ReadPathAccessor.java:96)
	at org.knime.base.node.io.filehandling.csv.reader.CSVFormatAutoDetectionSwingWorker.doInBackgroundWithContext(CSVFormatAutoDetectionSwingWorker.java:100)
	at org.knime.base.node.io.filehandling.csv.reader.CSVFormatAutoDetectionSwingWorker.doInBackgroundWithContext(CSVFormatAutoDetectionSwingWorker.java:1)
	at org.knime.core.util.SwingWorkerWithContext.doInBackground(SwingWorkerWithContext.java:106)
	at java.desktop/javax.swing.SwingWorker$1.call(Unknown Source)
	at java.base/java.util.concurrent.FutureTask.run(Unknown Source)
	at java.desktop/javax.swing.SwingWorker.run(Unknown Source)
	at java.base/java.util.concurrent.ThreadPoolExecutor.runWorker(Unknown Source)
	at java.base/java.util.concurrent.ThreadPoolExecutor$Worker.run(Unknown Source)
	at java.base/java.lang.Thread.run(Unknown Source)
2022-08-12 23:10:11,149 : WARN  : main :  : WrappedNodeDialog : Scorer : 3:91 : failed to apply settings: First and second column cannot be the same.
org.knime.core.node.InvalidSettingsException: First and second column cannot be the same.
	at org.knime.base.node.mine.scorer.accuracy.AccuracyScorer2NodeDialog.saveSettingsTo(AccuracyScorer2NodeDialog.java:349)
	at org.knime.core.node.NodeDialogPane.internalSaveSettingsTo(NodeDialogPane.java:540)
	at org.knime.core.node.NodeDialogPane$4.run(NodeDialogPane.java:779)
	at org.knime.core.node.util.ViewUtils$3.run(ViewUtils.java:353)
	at org.knime.core.node.util.ViewUtils$2.run(ViewUtils.java:155)
	at java.desktop/java.awt.event.InvocationEvent.dispatch(Unknown Source)
	at java.desktop/java.awt.EventQueue.dispatchEventImpl(Unknown Source)
	at java.desktop/java.awt.EventQueue$4.run(Unknown Source)
	at java.desktop/java.awt.EventQueue$4.run(Unknown Source)
	at java.base/java.security.AccessController.doPrivileged(Unknown Source)
	at java.base/java.security.ProtectionDomain$JavaSecurityAccessImpl.doIntersectionPrivilege(Unknown Source)
	at java.desktop/java.awt.EventQueue.dispatchEvent(Unknown Source)
	at java.desktop/java.awt.EventDispatchThread.pumpOneEventForFilters(Unknown Source)
	at java.desktop/java.awt.EventDispatchThread.pumpEventsForFilter(Unknown Source)
	at java.desktop/java.awt.EventDispatchThread.pumpEventsForHierarchy(Unknown Source)
	at java.desktop/java.awt.EventDispatchThread.pumpEvents(Unknown Source)
	at java.desktop/java.awt.EventDispatchThread.pumpEvents(Unknown Source)
	at java.desktop/java.awt.EventDispatchThread.run(Unknown Source)
2022-08-12 23:14:31,512 : WARN  : main :  : WrappedNodeDialog : Scorer : 3:91 : failed to apply settings: First and second column cannot be the same.
org.knime.core.node.InvalidSettingsException: First and second column cannot be the same.
	at org.knime.base.node.mine.scorer.accuracy.AccuracyScorer2NodeDialog.saveSettingsTo(AccuracyScorer2NodeDialog.java:349)
	at org.knime.core.node.NodeDialogPane.internalSaveSettingsTo(NodeDialogPane.java:540)
	at org.knime.core.node.NodeDialogPane$4.run(NodeDialogPane.java:779)
	at org.knime.core.node.util.ViewUtils$3.run(ViewUtils.java:353)
	at org.knime.core.node.util.ViewUtils$2.run(ViewUtils.java:155)
	at java.desktop/java.awt.event.InvocationEvent.dispatch(Unknown Source)
	at java.desktop/java.awt.EventQueue.dispatchEventImpl(Unknown Source)
	at java.desktop/java.awt.EventQueue$4.run(Unknown Source)
	at java.desktop/java.awt.EventQueue$4.run(Unknown Source)
	at java.base/java.security.AccessController.doPrivileged(Unknown Source)
	at java.base/java.security.ProtectionDomain$JavaSecurityAccessImpl.doIntersectionPrivilege(Unknown Source)
	at java.desktop/java.awt.EventQueue.dispatchEvent(Unknown Source)
	at java.desktop/java.awt.EventDispatchThread.pumpOneEventForFilters(Unknown Source)
	at java.desktop/java.awt.EventDispatchThread.pumpEventsForFilter(Unknown Source)
	at java.desktop/java.awt.EventDispatchThread.pumpEventsForHierarchy(Unknown Source)
	at java.desktop/java.awt.EventDispatchThread.pumpEvents(Unknown Source)
	at java.desktop/java.awt.EventDispatchThread.pumpEvents(Unknown Source)
	at java.desktop/java.awt.EventDispatchThread.run(Unknown Source)
2022-08-13 10:04:10,434 : ERROR : main :  : WindowsDefenderExceptionHandler :  :  : PowerShell command powershell -inputformat none -outputformat text -NonInteractive -Command Get-Item -Path 'Registry::HKEY_LOCAL_MACHINE\SOFTWARE\Microsoft\Windows Defender\Exclusions\Processes' -ErrorAction Stop | Select-Object -ExpandProperty Property did not terminate successfully.
2022-08-13 10:04:10,436 : ERROR : main :  : WindowsDefenderExceptionHandler :  :  : Stderr is:
2022-08-13 10:04:10,436 : ERROR : main :  : WindowsDefenderExceptionHandler :  :  : Get-Item : Requested registry access is not allowed.
2022-08-13 10:04:10,436 : ERROR : main :  : WindowsDefenderExceptionHandler :  :  : At line:1 char:1
2022-08-13 10:04:10,436 : ERROR : main :  : WindowsDefenderExceptionHandler :  :  : + Get-Item -Path 'Registry::HKEY_LOCAL_MACHINE\SOFTWARE\Microsoft\Windo ...
2022-08-13 10:04:10,436 : ERROR : main :  : WindowsDefenderExceptionHandler :  :  : + ~~~~~~~~~~~~~~~~~~~~~~~~~~~~~~~~~~~~~~~~~~~~~~~~~~~~~~~~~~~~~~~~~~~~~
2022-08-13 10:04:10,436 : ERROR : main :  : WindowsDefenderExceptionHandler :  :  :     + CategoryInfo          : PermissionDenied: (HKEY_LOCAL_MACH...sions\Processes:String) [Get-Item], SecurityExcepti 
2022-08-13 10:04:10,436 : ERROR : main :  : WindowsDefenderExceptionHandler :  :  :    on
2022-08-13 10:04:10,436 : ERROR : main :  : WindowsDefenderExceptionHandler :  :  :     + FullyQualifiedErrorId : System.Security.SecurityException,Microsoft.PowerShell.Commands.GetItemCommand
2022-08-13 10:04:10,436 : ERROR : main :  : WindowsDefenderExceptionHandler :  :  :  
2022-08-13 10:04:31,815 : WARN  : ModalContext :  : Node : Scorer : 3:91 : No columns selected yet.
2022-08-13 11:04:58,185 : ERROR : main :  : WindowsDefenderExceptionHandler :  :  : PowerShell command powershell -inputformat none -outputformat text -NonInteractive -Command Get-Item -Path 'Registry::HKEY_LOCAL_MACHINE\SOFTWARE\Microsoft\Windows Defender\Exclusions\Processes' -ErrorAction Stop | Select-Object -ExpandProperty Property did not terminate successfully.
2022-08-13 11:04:58,187 : ERROR : main :  : WindowsDefenderExceptionHandler :  :  : Stderr is:
2022-08-13 11:04:58,187 : ERROR : main :  : WindowsDefenderExceptionHandler :  :  : Get-Item : Requested registry access is not allowed.
2022-08-13 11:04:58,187 : ERROR : main :  : WindowsDefenderExceptionHandler :  :  : At line:1 char:1
2022-08-13 11:04:58,188 : ERROR : main :  : WindowsDefenderExceptionHandler :  :  : + Get-Item -Path 'Registry::HKEY_LOCAL_MACHINE\SOFTWARE\Microsoft\Windo ...
2022-08-13 11:04:58,188 : ERROR : main :  : WindowsDefenderExceptionHandler :  :  : + ~~~~~~~~~~~~~~~~~~~~~~~~~~~~~~~~~~~~~~~~~~~~~~~~~~~~~~~~~~~~~~~~~~~~~
2022-08-13 11:04:58,188 : ERROR : main :  : WindowsDefenderExceptionHandler :  :  :     + CategoryInfo          : PermissionDenied: (HKEY_LOCAL_MACH...sions\Processes:String) [Get-Item], SecurityExcepti 
2022-08-13 11:04:58,188 : ERROR : main :  : WindowsDefenderExceptionHandler :  :  :    on
2022-08-13 11:04:58,188 : ERROR : main :  : WindowsDefenderExceptionHandler :  :  :     + FullyQualifiedErrorId : System.Security.SecurityException,Microsoft.PowerShell.Commands.GetItemCommand
2022-08-13 11:04:58,188 : ERROR : main :  : WindowsDefenderExceptionHandler :  :  :  
2022-08-13 11:09:44,744 : WARN  : main :  : Node : Numeric Scorer : 3:91 : No columns selected for reference
2022-08-13 11:16:00,966 : WARN  : main :  : Node : Partitioning : 3:92 : No sampling method selected
2022-08-13 11:42:46,030 : WARN  : main :  : Node : Scorer : 3:93 : No columns selected yet.
2022-08-13 11:57:38,033 : ERROR : KNIME-Worker-50-CSV Reader 3:95 :  : Node : CSV Reader : 3:95 : Execute failed: The specified file /C:/Users/abi09/OneDrive/Desktop/learning/SAE/SAE_Project/SAE_Project/M2_Updated.csv does not exist.
org.knime.core.node.InvalidSettingsException: The specified file /C:/Users/abi09/OneDrive/Desktop/learning/SAE/SAE_Project/SAE_Project/M2_Updated.csv does not exist.
	at org.knime.core.node.util.CheckUtils.checkSetting(CheckUtils.java:269)
	at org.knime.core.node.util.CheckUtils.checkSetting(CheckUtils.java:219)
	at org.knime.filehandling.core.defaultnodesettings.filechooser.FileChooserPathAccessor.getRootPath(FileChooserPathAccessor.java:295)
	at org.knime.filehandling.core.defaultnodesettings.filechooser.FileChooserPathAccessor.getFSPaths(FileChooserPathAccessor.java:202)
	at org.knime.filehandling.core.node.table.reader.paths.PathSettings$1.getItems(PathSettings.java:105)
	at org.knime.filehandling.core.node.table.reader.TableReaderNodeModel.getPaths(TableReaderNodeModel.java:195)
	at org.knime.filehandling.core.node.table.reader.TableReaderNodeModel.execute(TableReaderNodeModel.java:158)
	at org.knime.core.node.NodeModel.executeModel(NodeModel.java:549)
	at org.knime.core.node.Node.invokeFullyNodeModelExecute(Node.java:1267)
	at org.knime.core.node.Node.execute(Node.java:1041)
	at org.knime.core.node.workflow.NativeNodeContainer.performExecuteNode(NativeNodeContainer.java:595)
	at org.knime.core.node.exec.LocalNodeExecutionJob.mainExecute(LocalNodeExecutionJob.java:95)
	at org.knime.core.node.workflow.NodeExecutionJob.internalRun(NodeExecutionJob.java:201)
	at org.knime.core.node.workflow.NodeExecutionJob.run(NodeExecutionJob.java:117)
	at org.knime.core.util.ThreadUtils$RunnableWithContextImpl.runWithContext(ThreadUtils.java:367)
	at org.knime.core.util.ThreadUtils$RunnableWithContext.run(ThreadUtils.java:221)
	at java.base/java.util.concurrent.Executors$RunnableAdapter.call(Unknown Source)
	at java.base/java.util.concurrent.FutureTask.run(Unknown Source)
	at org.knime.core.util.ThreadPool$MyFuture.run(ThreadPool.java:123)
	at org.knime.core.util.ThreadPool$Worker.run(ThreadPool.java:246)
2022-08-13 11:57:50,776 : ERROR : KNIME-Worker-51-CSV Reader 3:95 :  : Node : CSV Reader : 3:95 : Execute failed: The specified file /C:/Users/abi09/OneDrive/Desktop/learning/SAE/SAE_Project/SAE_Project/M2_Updated.csv does not exist.
org.knime.core.node.InvalidSettingsException: The specified file /C:/Users/abi09/OneDrive/Desktop/learning/SAE/SAE_Project/SAE_Project/M2_Updated.csv does not exist.
	at org.knime.core.node.util.CheckUtils.checkSetting(CheckUtils.java:269)
	at org.knime.core.node.util.CheckUtils.checkSetting(CheckUtils.java:219)
	at org.knime.filehandling.core.defaultnodesettings.filechooser.FileChooserPathAccessor.getRootPath(FileChooserPathAccessor.java:295)
	at org.knime.filehandling.core.defaultnodesettings.filechooser.FileChooserPathAccessor.getFSPaths(FileChooserPathAccessor.java:202)
	at org.knime.filehandling.core.node.table.reader.paths.PathSettings$1.getItems(PathSettings.java:105)
	at org.knime.filehandling.core.node.table.reader.TableReaderNodeModel.getPaths(TableReaderNodeModel.java:195)
	at org.knime.filehandling.core.node.table.reader.TableReaderNodeModel.execute(TableReaderNodeModel.java:158)
	at org.knime.core.node.NodeModel.executeModel(NodeModel.java:549)
	at org.knime.core.node.Node.invokeFullyNodeModelExecute(Node.java:1267)
	at org.knime.core.node.Node.execute(Node.java:1041)
	at org.knime.core.node.workflow.NativeNodeContainer.performExecuteNode(NativeNodeContainer.java:595)
	at org.knime.core.node.exec.LocalNodeExecutionJob.mainExecute(LocalNodeExecutionJob.java:95)
	at org.knime.core.node.workflow.NodeExecutionJob.internalRun(NodeExecutionJob.java:201)
	at org.knime.core.node.workflow.NodeExecutionJob.run(NodeExecutionJob.java:117)
	at org.knime.core.util.ThreadUtils$RunnableWithContextImpl.runWithContext(ThreadUtils.java:367)
	at org.knime.core.util.ThreadUtils$RunnableWithContext.run(ThreadUtils.java:221)
	at java.base/java.util.concurrent.Executors$RunnableAdapter.call(Unknown Source)
	at java.base/java.util.concurrent.FutureTask.run(Unknown Source)
	at org.knime.core.util.ThreadPool$MyFuture.run(ThreadPool.java:123)
	at org.knime.core.util.ThreadPool$Worker.run(ThreadPool.java:246)
2022-08-13 11:57:59,634 : ERROR : KNIME-Worker-52-CSV Reader 3:95 :  : Node : CSV Reader : 3:95 : Execute failed: The specified file /C:/Users/abi09/OneDrive/Desktop/learning/SAE/SAE_Project/SAE_Project/M2_Updated.csv does not exist.
org.knime.core.node.InvalidSettingsException: The specified file /C:/Users/abi09/OneDrive/Desktop/learning/SAE/SAE_Project/SAE_Project/M2_Updated.csv does not exist.
	at org.knime.core.node.util.CheckUtils.checkSetting(CheckUtils.java:269)
	at org.knime.core.node.util.CheckUtils.checkSetting(CheckUtils.java:219)
	at org.knime.filehandling.core.defaultnodesettings.filechooser.FileChooserPathAccessor.getRootPath(FileChooserPathAccessor.java:295)
	at org.knime.filehandling.core.defaultnodesettings.filechooser.FileChooserPathAccessor.getFSPaths(FileChooserPathAccessor.java:202)
	at org.knime.filehandling.core.node.table.reader.paths.PathSettings$1.getItems(PathSettings.java:105)
	at org.knime.filehandling.core.node.table.reader.TableReaderNodeModel.getPaths(TableReaderNodeModel.java:195)
	at org.knime.filehandling.core.node.table.reader.TableReaderNodeModel.execute(TableReaderNodeModel.java:158)
	at org.knime.core.node.NodeModel.executeModel(NodeModel.java:549)
	at org.knime.core.node.Node.invokeFullyNodeModelExecute(Node.java:1267)
	at org.knime.core.node.Node.execute(Node.java:1041)
	at org.knime.core.node.workflow.NativeNodeContainer.performExecuteNode(NativeNodeContainer.java:595)
	at org.knime.core.node.exec.LocalNodeExecutionJob.mainExecute(LocalNodeExecutionJob.java:95)
	at org.knime.core.node.workflow.NodeExecutionJob.internalRun(NodeExecutionJob.java:201)
	at org.knime.core.node.workflow.NodeExecutionJob.run(NodeExecutionJob.java:117)
	at org.knime.core.util.ThreadUtils$RunnableWithContextImpl.runWithContext(ThreadUtils.java:367)
	at org.knime.core.util.ThreadUtils$RunnableWithContext.run(ThreadUtils.java:221)
	at java.base/java.util.concurrent.Executors$RunnableAdapter.call(Unknown Source)
	at java.base/java.util.concurrent.FutureTask.run(Unknown Source)
	at org.knime.core.util.ThreadPool$MyFuture.run(ThreadPool.java:123)
	at org.knime.core.util.ThreadPool$Worker.run(ThreadPool.java:246)
2022-08-13 12:00:02,302 : WARN  : KNIME-Worker-70-String To Number 3:103 :  : AbstractStringToNumberNodeModel : String To Number : 3:103 : Values in 314 cells could not be parsed, first error: 'No' (RowKey: Row0, Position: 7)
2022-08-13 12:00:02,302 : WARN  : KNIME-Worker-70-String To Number 3:103 :  : Node : String To Number : 3:103 : Problems occurred, see Console messages.
2022-08-13 12:00:02,309 : WARN  : KNIME-Worker-71-Missing Value 3:102 :  : Node : Missing Value : 3:102 : Column "Part Time Job?" still contains missing values.
2022-08-13 12:00:02,321 : WARN  : KNIME-Worker-72-Missing Value (Apply) 3:93 :  : Node : Missing Value (Apply) : 3:93 : Column "Part Time Job?" still contains missing values.
2022-08-13 12:00:02,329 : ERROR : KNIME-Worker-74-Linear Regression Learner 3:94 :  : Node : Linear Regression Learner : 3:94 : Execute failed: Missing value support disabled, see node configuration dialog.
java.lang.IllegalStateException: Missing value support disabled, see node configuration dialog.
	at org.knime.base.node.mine.regression.RegressionTrainingRow$MissingHandling.isMissing(RegressionTrainingRow.java:93)
	at org.knime.base.node.mine.regression.RegressionTrainingRow.<init>(RegressionTrainingRow.java:184)
	at org.knime.base.node.mine.regression.RegressionTrainingDataIterator.next(RegressionTrainingDataIterator.java:138)
	at org.knime.base.node.mine.regression.RegressionTrainingDataIterator.next(RegressionTrainingDataIterator.java:1)
	at org.knime.base.node.mine.regression.linear2.learner.Learner.processTable(Learner.java:176)
	at org.knime.base.node.mine.regression.linear2.learner.Learner.perform(Learner.java:114)
	at org.knime.base.node.mine.regression.linear2.learner.LinReg2Learner.execute(LinReg2Learner.java:150)
	at org.knime.base.node.mine.regression.linear2.learner.LinReg2LearnerNodeModel.execute(LinReg2LearnerNodeModel.java:169)
	at org.knime.core.node.NodeModel.executeModel(NodeModel.java:549)
	at org.knime.core.node.Node.invokeFullyNodeModelExecute(Node.java:1267)
	at org.knime.core.node.Node.execute(Node.java:1041)
	at org.knime.core.node.workflow.NativeNodeContainer.performExecuteNode(NativeNodeContainer.java:595)
	at org.knime.core.node.exec.LocalNodeExecutionJob.mainExecute(LocalNodeExecutionJob.java:95)
	at org.knime.core.node.workflow.NodeExecutionJob.internalRun(NodeExecutionJob.java:201)
	at org.knime.core.node.workflow.NodeExecutionJob.run(NodeExecutionJob.java:117)
	at org.knime.core.util.ThreadUtils$RunnableWithContextImpl.runWithContext(ThreadUtils.java:367)
	at org.knime.core.util.ThreadUtils$RunnableWithContext.run(ThreadUtils.java:221)
	at java.base/java.util.concurrent.Executors$RunnableAdapter.call(Unknown Source)
	at java.base/java.util.concurrent.FutureTask.run(Unknown Source)
	at org.knime.core.util.ThreadPool$MyFuture.run(ThreadPool.java:123)
	at org.knime.core.util.ThreadPool$Worker.run(ThreadPool.java:246)
2022-08-13 12:00:20,629 : ERROR : KNIME-Worker-75-Linear Regression Learner 3:94 :  : Node : Linear Regression Learner : 3:94 : Execute failed: Missing value support disabled, see node configuration dialog.
java.lang.IllegalStateException: Missing value support disabled, see node configuration dialog.
	at org.knime.base.node.mine.regression.RegressionTrainingRow$MissingHandling.isMissing(RegressionTrainingRow.java:93)
	at org.knime.base.node.mine.regression.RegressionTrainingRow.<init>(RegressionTrainingRow.java:184)
	at org.knime.base.node.mine.regression.RegressionTrainingDataIterator.next(RegressionTrainingDataIterator.java:138)
	at org.knime.base.node.mine.regression.RegressionTrainingDataIterator.next(RegressionTrainingDataIterator.java:1)
	at org.knime.base.node.mine.regression.linear2.learner.Learner.processTable(Learner.java:176)
	at org.knime.base.node.mine.regression.linear2.learner.Learner.perform(Learner.java:114)
	at org.knime.base.node.mine.regression.linear2.learner.LinReg2Learner.execute(LinReg2Learner.java:150)
	at org.knime.base.node.mine.regression.linear2.learner.LinReg2LearnerNodeModel.execute(LinReg2LearnerNodeModel.java:169)
	at org.knime.core.node.NodeModel.executeModel(NodeModel.java:549)
	at org.knime.core.node.Node.invokeFullyNodeModelExecute(Node.java:1267)
	at org.knime.core.node.Node.execute(Node.java:1041)
	at org.knime.core.node.workflow.NativeNodeContainer.performExecuteNode(NativeNodeContainer.java:595)
	at org.knime.core.node.exec.LocalNodeExecutionJob.mainExecute(LocalNodeExecutionJob.java:95)
	at org.knime.core.node.workflow.NodeExecutionJob.internalRun(NodeExecutionJob.java:201)
	at org.knime.core.node.workflow.NodeExecutionJob.run(NodeExecutionJob.java:117)
	at org.knime.core.util.ThreadUtils$RunnableWithContextImpl.runWithContext(ThreadUtils.java:367)
	at org.knime.core.util.ThreadUtils$RunnableWithContext.run(ThreadUtils.java:221)
	at java.base/java.util.concurrent.Executors$RunnableAdapter.call(Unknown Source)
	at java.base/java.util.concurrent.FutureTask.run(Unknown Source)
	at org.knime.core.util.ThreadPool$MyFuture.run(ThreadPool.java:123)
	at org.knime.core.util.ThreadPool$Worker.run(ThreadPool.java:246)
2022-08-13 12:00:24,119 : ERROR : KNIME-Worker-76-Linear Regression Learner 3:94 :  : Node : Linear Regression Learner : 3:94 : Execute failed: Missing value support disabled, see node configuration dialog.
java.lang.IllegalStateException: Missing value support disabled, see node configuration dialog.
	at org.knime.base.node.mine.regression.RegressionTrainingRow$MissingHandling.isMissing(RegressionTrainingRow.java:93)
	at org.knime.base.node.mine.regression.RegressionTrainingRow.<init>(RegressionTrainingRow.java:184)
	at org.knime.base.node.mine.regression.RegressionTrainingDataIterator.next(RegressionTrainingDataIterator.java:138)
	at org.knime.base.node.mine.regression.RegressionTrainingDataIterator.next(RegressionTrainingDataIterator.java:1)
	at org.knime.base.node.mine.regression.linear2.learner.Learner.processTable(Learner.java:176)
	at org.knime.base.node.mine.regression.linear2.learner.Learner.perform(Learner.java:114)
	at org.knime.base.node.mine.regression.linear2.learner.LinReg2Learner.execute(LinReg2Learner.java:150)
	at org.knime.base.node.mine.regression.linear2.learner.LinReg2LearnerNodeModel.execute(LinReg2LearnerNodeModel.java:169)
	at org.knime.core.node.NodeModel.executeModel(NodeModel.java:549)
	at org.knime.core.node.Node.invokeFullyNodeModelExecute(Node.java:1267)
	at org.knime.core.node.Node.execute(Node.java:1041)
	at org.knime.core.node.workflow.NativeNodeContainer.performExecuteNode(NativeNodeContainer.java:595)
	at org.knime.core.node.exec.LocalNodeExecutionJob.mainExecute(LocalNodeExecutionJob.java:95)
	at org.knime.core.node.workflow.NodeExecutionJob.internalRun(NodeExecutionJob.java:201)
	at org.knime.core.node.workflow.NodeExecutionJob.run(NodeExecutionJob.java:117)
	at org.knime.core.util.ThreadUtils$RunnableWithContextImpl.runWithContext(ThreadUtils.java:367)
	at org.knime.core.util.ThreadUtils$RunnableWithContext.run(ThreadUtils.java:221)
	at java.base/java.util.concurrent.Executors$RunnableAdapter.call(Unknown Source)
	at java.base/java.util.concurrent.FutureTask.run(Unknown Source)
	at org.knime.core.util.ThreadPool$MyFuture.run(ThreadPool.java:123)
	at org.knime.core.util.ThreadPool$Worker.run(ThreadPool.java:246)
2022-08-13 12:05:57,012 : WARN  : main :  : Node : Scorer : 3:108 : No columns selected yet.
2022-08-13 12:06:24,998 : WARN  : main :  : Node : Scorer : 3:108 : The input table must have at least two colums to compare
2022-08-13 12:06:42,942 : WARN  : main :  : Node : Scorer : 3:108 : No columns selected yet.
2022-08-13 12:06:47,032 : WARN  : main :  : WrappedNodeDialog : Scorer : 3:108 : failed to apply settings: First and second column cannot be the same.
org.knime.core.node.InvalidSettingsException: First and second column cannot be the same.
	at org.knime.base.node.mine.scorer.accuracy.AccuracyScorer2NodeDialog.saveSettingsTo(AccuracyScorer2NodeDialog.java:349)
	at org.knime.core.node.NodeDialogPane.internalSaveSettingsTo(NodeDialogPane.java:540)
	at org.knime.core.node.NodeDialogPane$4.run(NodeDialogPane.java:779)
	at org.knime.core.node.util.ViewUtils$3.run(ViewUtils.java:353)
	at org.knime.core.node.util.ViewUtils$2.run(ViewUtils.java:155)
	at java.desktop/java.awt.event.InvocationEvent.dispatch(Unknown Source)
	at java.desktop/java.awt.EventQueue.dispatchEventImpl(Unknown Source)
	at java.desktop/java.awt.EventQueue$4.run(Unknown Source)
	at java.desktop/java.awt.EventQueue$4.run(Unknown Source)
	at java.base/java.security.AccessController.doPrivileged(Unknown Source)
	at java.base/java.security.ProtectionDomain$JavaSecurityAccessImpl.doIntersectionPrivilege(Unknown Source)
	at java.desktop/java.awt.EventQueue.dispatchEvent(Unknown Source)
	at java.desktop/java.awt.EventDispatchThread.pumpOneEventForFilters(Unknown Source)
	at java.desktop/java.awt.EventDispatchThread.pumpEventsForFilter(Unknown Source)
	at java.desktop/java.awt.EventDispatchThread.pumpEventsForHierarchy(Unknown Source)
	at java.desktop/java.awt.EventDispatchThread.pumpEvents(Unknown Source)
	at java.desktop/java.awt.EventDispatchThread.pumpEvents(Unknown Source)
	at java.desktop/java.awt.EventDispatchThread.run(Unknown Source)
2022-08-13 12:52:04,779 : WARN  : main :  : Node : Regression Predictor : 3:110 : The table for prediction does not contain the column "Entrance test".
2022-08-13 12:52:45,266 : WARN  : main :  : Node : Regression Predictor : 3:110 : The table for prediction does not contain the column "Min. subject score".
2022-08-13 14:44:52,741 : WARN  : main :  : Node : Scorer : 3:119 : No columns selected yet.
2022-08-13 14:57:48,299 : ERROR : main :  : SingleNodeContainer :  :  : Can't create the single node container settings: Config for key "model" not found.
org.knime.core.node.InvalidSettingsException: Config for key "model" not found.
	at org.knime.core.node.config.Config.getConfig(Config.java:516)
	at org.knime.core.node.NodeSettings.getNodeSettings(NodeSettings.java:141)
	at org.knime.core.node.NodeSettings.getNodeSettings(NodeSettings.java:1)
	at org.knime.core.node.workflow.SingleNodeContainer$SingleNodeContainerSettings.<init>(SingleNodeContainer.java:1222)
	at org.knime.core.node.workflow.SingleNodeContainer.loadContent(SingleNodeContainer.java:888)
	at org.knime.core.node.workflow.NativeNodeContainer.loadContent(NativeNodeContainer.java:1035)
	at org.knime.core.node.workflow.WorkflowManager.loadNodes(WorkflowManager.java:9011)
	at org.knime.core.node.workflow.WorkflowManager.loadContent(WorkflowManager.java:8583)
	at org.knime.core.node.workflow.WorkflowManager.loadWorkflowContent(WorkflowManager.java:8595)
	at org.knime.core.node.workflow.WorkflowManager.paste(WorkflowManager.java:8228)
	at org.knime.core.ui.wrapper.WorkflowManagerWrapper.paste(WorkflowManagerWrapper.java:471)
	at org.knime.workbench.editor2.commands.PasteFromWorkflowDefCommand.execute(PasteFromWorkflowDefCommand.java:138)
	at org.eclipse.gef.commands.CommandStack.execute(CommandStack.java:228)
	at org.knime.workbench.editor2.actions.PasteAction.runOnNodes(PasteAction.java:193)
	at org.knime.workbench.editor2.actions.AbstractNodeAction.runInSWT(AbstractNodeAction.java:174)
	at org.knime.workbench.editor2.actions.AbstractNodeAction$1.run(AbstractNodeAction.java:160)
	at org.eclipse.swt.widgets.Synchronizer.syncExec(Synchronizer.java:236)
	at org.eclipse.ui.internal.UISynchronizer.syncExec(UISynchronizer.java:133)
	at org.eclipse.swt.widgets.Display.syncExec(Display.java:4742)
	at org.knime.workbench.editor2.actions.AbstractNodeAction.run(AbstractNodeAction.java:157)
	at org.eclipse.jface.action.Action.runWithEvent(Action.java:474)
	at org.eclipse.jface.commands.ActionHandler.execute(ActionHandler.java:121)
	at org.eclipse.ui.internal.handlers.E4HandlerProxy.execute(E4HandlerProxy.java:97)
	at jdk.internal.reflect.GeneratedMethodAccessor94.invoke(Unknown Source)
	at java.base/jdk.internal.reflect.DelegatingMethodAccessorImpl.invoke(Unknown Source)
	at java.base/java.lang.reflect.Method.invoke(Unknown Source)
	at org.eclipse.e4.core.internal.di.MethodRequestor.execute(MethodRequestor.java:58)
	at org.eclipse.e4.core.internal.di.InjectorImpl.invokeUsingClass(InjectorImpl.java:319)
	at org.eclipse.e4.core.internal.di.InjectorImpl.invoke(InjectorImpl.java:253)
	at org.eclipse.e4.core.contexts.ContextInjectionFactory.invoke(ContextInjectionFactory.java:173)
	at org.eclipse.e4.core.commands.internal.HandlerServiceHandler.execute(HandlerServiceHandler.java:156)
	at org.eclipse.core.commands.Command.executeWithChecks(Command.java:488)
	at org.eclipse.core.commands.ParameterizedCommand.executeWithChecks(ParameterizedCommand.java:487)
	at org.eclipse.e4.core.commands.internal.HandlerServiceImpl.executeHandler(HandlerServiceImpl.java:213)
	at org.eclipse.e4.ui.bindings.keys.KeyBindingDispatcher.executeCommand(KeyBindingDispatcher.java:308)
	at org.eclipse.e4.ui.bindings.keys.KeyBindingDispatcher.press(KeyBindingDispatcher.java:584)
	at org.eclipse.e4.ui.bindings.keys.KeyBindingDispatcher.processKeyEvent(KeyBindingDispatcher.java:653)
	at org.eclipse.e4.ui.bindings.keys.KeyBindingDispatcher.filterKeySequenceBindings(KeyBindingDispatcher.java:443)
	at org.eclipse.e4.ui.bindings.keys.KeyBindingDispatcher$KeyDownFilter.handleEvent(KeyBindingDispatcher.java:96)
	at org.eclipse.swt.widgets.EventTable.sendEvent(EventTable.java:89)
	at org.eclipse.swt.widgets.Display.filterEvent(Display.java:1270)
	at org.eclipse.swt.widgets.Widget.sendEvent(Widget.java:1042)
	at org.eclipse.swt.widgets.Widget.sendEvent(Widget.java:1067)
	at org.eclipse.swt.widgets.Widget.sendEvent(Widget.java:1052)
	at org.eclipse.swt.widgets.Widget.sendKeyEvent(Widget.java:1094)
	at org.eclipse.swt.widgets.Widget.sendKeyEvent(Widget.java:1090)
	at org.eclipse.swt.widgets.Widget.wmChar(Widget.java:1519)
	at org.eclipse.swt.widgets.Control.WM_CHAR(Control.java:4882)
	at org.eclipse.swt.widgets.Canvas.WM_CHAR(Canvas.java:345)
	at org.eclipse.swt.widgets.Control.windowProc(Control.java:4760)
	at org.eclipse.swt.widgets.Canvas.windowProc(Canvas.java:340)
	at org.eclipse.swt.widgets.Display.windowProc(Display.java:4930)
	at org.eclipse.swt.internal.win32.OS.DispatchMessage(Native Method)
	at org.eclipse.swt.widgets.Display.readAndDispatch(Display.java:3624)
	at org.eclipse.e4.ui.internal.workbench.swt.PartRenderingEngine$5.run(PartRenderingEngine.java:1157)
	at org.eclipse.core.databinding.observable.Realm.runWithDefault(Realm.java:338)
	at org.eclipse.e4.ui.internal.workbench.swt.PartRenderingEngine.run(PartRenderingEngine.java:1046)
	at org.eclipse.e4.ui.internal.workbench.E4Workbench.createAndRunUI(E4Workbench.java:155)
	at org.eclipse.ui.internal.Workbench.lambda$3(Workbench.java:644)
	at org.eclipse.core.databinding.observable.Realm.runWithDefault(Realm.java:338)
	at org.eclipse.ui.internal.Workbench.createAndRunWorkbench(Workbench.java:551)
	at org.eclipse.ui.PlatformUI.createAndRunWorkbench(PlatformUI.java:156)
	at org.knime.product.rcp.KNIMEApplication.start(KNIMEApplication.java:183)
	at org.eclipse.equinox.internal.app.EclipseAppHandle.run(EclipseAppHandle.java:203)
	at org.eclipse.core.runtime.internal.adaptor.EclipseAppLauncher.runApplication(EclipseAppLauncher.java:134)
	at org.eclipse.core.runtime.internal.adaptor.EclipseAppLauncher.start(EclipseAppLauncher.java:104)
	at org.eclipse.core.runtime.adaptor.EclipseStarter.run(EclipseStarter.java:401)
	at org.eclipse.core.runtime.adaptor.EclipseStarter.run(EclipseStarter.java:255)
	at java.base/jdk.internal.reflect.NativeMethodAccessorImpl.invoke0(Native Method)
	at java.base/jdk.internal.reflect.NativeMethodAccessorImpl.invoke(Unknown Source)
	at java.base/jdk.internal.reflect.DelegatingMethodAccessorImpl.invoke(Unknown Source)
	at java.base/java.lang.reflect.Method.invoke(Unknown Source)
	at org.eclipse.equinox.launcher.Main.invokeFramework(Main.java:653)
	at org.eclipse.equinox.launcher.Main.basicRun(Main.java:590)
	at org.eclipse.equinox.launcher.Main.run(Main.java:1461)
2022-08-13 14:57:57,394 : WARN  : main :  : Node : Scorer : 3:120 : No columns selected yet.
2022-08-13 14:58:57,314 : WARN  : main :  : WrappedNodeDialog : Scorer : 3:120 : failed to apply settings: First and second column cannot be the same.
org.knime.core.node.InvalidSettingsException: First and second column cannot be the same.
	at org.knime.base.node.mine.scorer.accuracy.AccuracyScorer2NodeDialog.saveSettingsTo(AccuracyScorer2NodeDialog.java:349)
	at org.knime.core.node.NodeDialogPane.internalSaveSettingsTo(NodeDialogPane.java:540)
	at org.knime.core.node.NodeDialogPane$4.run(NodeDialogPane.java:779)
	at org.knime.core.node.util.ViewUtils$3.run(ViewUtils.java:353)
	at org.knime.core.node.util.ViewUtils$2.run(ViewUtils.java:155)
	at java.desktop/java.awt.event.InvocationEvent.dispatch(Unknown Source)
	at java.desktop/java.awt.EventQueue.dispatchEventImpl(Unknown Source)
	at java.desktop/java.awt.EventQueue$4.run(Unknown Source)
	at java.desktop/java.awt.EventQueue$4.run(Unknown Source)
	at java.base/java.security.AccessController.doPrivileged(Unknown Source)
	at java.base/java.security.ProtectionDomain$JavaSecurityAccessImpl.doIntersectionPrivilege(Unknown Source)
	at java.desktop/java.awt.EventQueue.dispatchEvent(Unknown Source)
	at java.desktop/java.awt.EventDispatchThread.pumpOneEventForFilters(Unknown Source)
	at java.desktop/java.awt.EventDispatchThread.pumpEventsForFilter(Unknown Source)
	at java.desktop/java.awt.EventDispatchThread.pumpEventsForHierarchy(Unknown Source)
	at java.desktop/java.awt.EventDispatchThread.pumpEvents(Unknown Source)
	at java.desktop/java.awt.EventDispatchThread.pumpEvents(Unknown Source)
	at java.desktop/java.awt.EventDispatchThread.run(Unknown Source)
2022-08-13 15:00:46,216 : WARN  : main :  : Node : Scorer : 3:120 : No columns selected yet.
2022-08-13 15:01:00,398 : WARN  : main :  : WrappedNodeDialog : Scorer : 3:120 : failed to apply settings: First and second column cannot be the same.
org.knime.core.node.InvalidSettingsException: First and second column cannot be the same.
	at org.knime.base.node.mine.scorer.accuracy.AccuracyScorer2NodeDialog.saveSettingsTo(AccuracyScorer2NodeDialog.java:349)
	at org.knime.core.node.NodeDialogPane.internalSaveSettingsTo(NodeDialogPane.java:540)
	at org.knime.core.node.NodeDialogPane$4.run(NodeDialogPane.java:779)
	at org.knime.core.node.util.ViewUtils$3.run(ViewUtils.java:353)
	at org.knime.core.node.util.ViewUtils$2.run(ViewUtils.java:155)
	at java.desktop/java.awt.event.InvocationEvent.dispatch(Unknown Source)
	at java.desktop/java.awt.EventQueue.dispatchEventImpl(Unknown Source)
	at java.desktop/java.awt.EventQueue$4.run(Unknown Source)
	at java.desktop/java.awt.EventQueue$4.run(Unknown Source)
	at java.base/java.security.AccessController.doPrivileged(Unknown Source)
	at java.base/java.security.ProtectionDomain$JavaSecurityAccessImpl.doIntersectionPrivilege(Unknown Source)
	at java.desktop/java.awt.EventQueue.dispatchEvent(Unknown Source)
	at java.desktop/java.awt.EventDispatchThread.pumpOneEventForFilters(Unknown Source)
	at java.desktop/java.awt.EventDispatchThread.pumpEventsForFilter(Unknown Source)
	at java.desktop/java.awt.EventDispatchThread.pumpEventsForHierarchy(Unknown Source)
	at java.desktop/java.awt.EventDispatchThread.pumpEvents(Unknown Source)
	at java.desktop/java.awt.EventDispatchThread.pumpEvents(Unknown Source)
	at java.desktop/java.awt.EventDispatchThread.run(Unknown Source)
2022-08-13 15:01:30,084 : WARN  : main :  : WrappedNodeDialog : Scorer : 3:120 : failed to apply settings: First and second column cannot be the same.
org.knime.core.node.InvalidSettingsException: First and second column cannot be the same.
	at org.knime.base.node.mine.scorer.accuracy.AccuracyScorer2NodeDialog.saveSettingsTo(AccuracyScorer2NodeDialog.java:349)
	at org.knime.core.node.NodeDialogPane.internalSaveSettingsTo(NodeDialogPane.java:540)
	at org.knime.core.node.NodeDialogPane$4.run(NodeDialogPane.java:779)
	at org.knime.core.node.util.ViewUtils$3.run(ViewUtils.java:353)
	at org.knime.core.node.util.ViewUtils$2.run(ViewUtils.java:155)
	at java.desktop/java.awt.event.InvocationEvent.dispatch(Unknown Source)
	at java.desktop/java.awt.EventQueue.dispatchEventImpl(Unknown Source)
	at java.desktop/java.awt.EventQueue$4.run(Unknown Source)
	at java.desktop/java.awt.EventQueue$4.run(Unknown Source)
	at java.base/java.security.AccessController.doPrivileged(Unknown Source)
	at java.base/java.security.ProtectionDomain$JavaSecurityAccessImpl.doIntersectionPrivilege(Unknown Source)
	at java.desktop/java.awt.EventQueue.dispatchEvent(Unknown Source)
	at java.desktop/java.awt.EventDispatchThread.pumpOneEventForFilters(Unknown Source)
	at java.desktop/java.awt.EventDispatchThread.pumpEventsForFilter(Unknown Source)
	at java.desktop/java.awt.EventDispatchThread.pumpEventsForHierarchy(Unknown Source)
	at java.desktop/java.awt.EventDispatchThread.pumpEvents(Unknown Source)
	at java.desktop/java.awt.EventDispatchThread.pumpEvents(Unknown Source)
	at java.desktop/java.awt.EventDispatchThread.run(Unknown Source)
2022-08-13 15:04:13,897 : WARN  : main :  : Node : Scorer : 3:120 : No column in spec compatibile to "LongValue", "StringValue" or "NominalValue"
2022-08-13 15:04:23,104 : WARN  : KNIME-Worker-283-Column Filter 3:121 :  : Node : Scorer : 3:120 : No column in spec compatibile to "LongValue", "StringValue" or "NominalValue"
2022-08-13 15:04:51,390 : WARN  : main :  : Node : Scorer : 3:120 : No columns selected yet.
2022-08-13 16:20:24,826 : WARN  : main :  : Node : Linear Correlation : 3:119 : Auto configuration: Using all suitable columns (in total 5)
2022-08-13 16:21:13,516 : WARN  : main :  : Node : Linear Correlation : 3:119 : Auto configuration: Using all suitable columns (in total 11)
